<?xml version="1.0" encoding="UTF-8"?>
<!-- Generated by org.testng.reporters.JUnitReportReporter -->
<testsuite skipped="0" hostname="DESKTOP-ROIMP3B" name="com.actiTime.generic.Demo" tests="1" failures="0" timestamp="2020-03-13T23:13:38 IST" time="0.011" errors="0">
  <testcase name="run" time="0.011" classname="com.actiTime.generic.Demo"/>
</testsuite> <!-- com.actiTime.generic.Demo -->
